Using pre-set license
Built from '2020.3/staging' branch; Version is '2020.3.9f1 (108be757e447) revision 1084391'; Using compiler version '192528614'; Build Type 'Release'
OS: 'Windows 10 Pro; OS build 19044.1526; Version 2009; 64bit' Language: 'ko' Physical Memory: 16331 MB
BatchMode: 1, IsHumanControllingUs: 0, StartBugReporterOnCrash: 0, Is64bit: 1, IsPro: 0

 COMMAND LINE ARGUMENTS:
D:\Unity\Hub\Editor\2020.3.9f1\Unity.exe
-adb2
-batchMode
-noUpm
-name
AssetImportWorker0
-projectPath
D:/GitHub/Ajou_Zepeto_World/Ajou Univ World
-logFile
Logs/AssetImportWorker0.log
-srvPort
8114
Successfully changed project path to: D:/GitHub/Ajou_Zepeto_World/Ajou Univ World
D:/GitHub/Ajou_Zepeto_World/Ajou Univ World
Using Asset Import Pipeline V2.
Refreshing native plugins compatible for Editor in 24.82 ms, found 1 plugins.
Preloading 0 native plugins for Editor in 0.00 ms.
Initialize engine version: 2020.3.9f1 (108be757e447)
[Subsystems] Discovering subsystems at path D:/Unity/Hub/Editor/2020.3.9f1/Data/Resources/UnitySubsystems
[Subsystems] Discovering subsystems at path D:/GitHub/Ajou_Zepeto_World/Ajou Univ World/Assets
GfxDevice: creating device client; threaded=0
Direct3D:
    Version:  Direct3D 11.0 [level 11.1]
    Renderer: NVIDIA GeForce RTX 2070 SUPER (ID=0x1e84)
    Vendor:   
    VRAM:     8011 MB
    Driver:   27.21.14.6140
Initialize mono
Mono path[0] = 'D:/Unity/Hub/Editor/2020.3.9f1/Data/Managed'
Mono path[1] = 'D:/Unity/Hub/Editor/2020.3.9f1/Data/MonoBleedingEdge/lib/mono/unityjit'
Mono config path = 'D:/Unity/Hub/Editor/2020.3.9f1/Data/MonoBleedingEdge/etc'
Using monoOptions --debugger-agent=transport=dt_socket,embedding=1,server=y,suspend=n,address=127.0.0.1:56688
Begin MonoManager ReloadAssembly
Registering precompiled unity dll's ...
Register platform support module: D:/Unity/Hub/Editor/2020.3.9f1/Data/PlaybackEngines/WindowsStandaloneSupport/UnityEditor.WindowsStandalone.Extensions.dll
Registered in 0.001418 seconds.
Native extension for WindowsStandalone target not found
Refreshing native plugins compatible for Editor in 23.05 ms, found 1 plugins.
Preloading 0 native plugins for Editor in 0.00 ms.
Mono: successfully reloaded assembly
- Completed reload, in  0.942 seconds
Platform modules already initialized, skipping
Registering precompiled user dll's ...
Registered in 0.002040 seconds.
Begin MonoManager ReloadAssembly
Native extension for WindowsStandalone target not found
Refreshing native plugins compatible for Editor in 0.36 ms, found 1 plugins.
Preloading 0 native plugins for Editor in 0.00 ms.
Mono: successfully reloaded assembly
- Completed reload, in  0.756 seconds
Platform modules already initialized, skipping
========================================================================
Worker process is ready to serve import requests
Launched and connected shader compiler UnityShaderCompiler.exe after 0.06 seconds
Refreshing native plugins compatible for Editor in 0.34 ms, found 1 plugins.
Preloading 0 native plugins for Editor in 0.00 ms.
Unloading 1132 Unused Serialized files (Serialized files now loaded: 0)
System memory in use before: 58.3 MB.
System memory in use after: 58.4 MB.

Unloading 14 unused Assets to reduce memory usage. Loaded Objects now: 1608.
Total: 2.491700 ms (FindLiveObjects: 0.218700 ms CreateObjectMapping: 0.030200 ms MarkObjects: 2.117800 ms  DeleteObjects: 0.123600 ms)

========================================================================
Received Import Request.
  path: Assets/UMotionExamples
  artifactKey: Guid(20d3c05560fcf934c8ee21b08c46660a) Importer(815301076,1909f56bfc062723c751e8b465ee728b)
Start importing Assets/UMotionExamples using Guid(20d3c05560fcf934c8ee21b08c46660a) Importer(815301076,1909f56bfc062723c751e8b465ee728b)  -> (artifact id: 'f0cc25958ed20dc56212789b4401ee40') in 0.006185 seconds
  Import took 0.008371 seconds .

========================================================================
Received Import Request.
  Time since last request: 0.000200 seconds.
  path: Assets/UMotionEditor
  artifactKey: Guid(48c5f44c6166f6440aec02154b4dc34b) Importer(815301076,1909f56bfc062723c751e8b465ee728b)
Start importing Assets/UMotionEditor using Guid(48c5f44c6166f6440aec02154b4dc34b) Importer(815301076,1909f56bfc062723c751e8b465ee728b)  -> (artifact id: 'bfebd8121ae65bddf5f16f5acf00ad23') in 0.002531 seconds
  Import took 0.003866 seconds .

========================================================================
Received Import Request.
  Time since last request: 0.000230 seconds.
  path: Assets/Scenes
  artifactKey: Guid(849a45bd97385c043b31a820f81276fd) Importer(815301076,1909f56bfc062723c751e8b465ee728b)
Start importing Assets/Scenes using Guid(849a45bd97385c043b31a820f81276fd) Importer(815301076,1909f56bfc062723c751e8b465ee728b)  -> (artifact id: '3cf6a5563a9201758fefd37c345259ba') in 0.003585 seconds
  Import took 0.005226 seconds .

AssetImportWorkerClient::OnTransportError - code=2 error=End of file
